c:\users\user\desktop\study\학원\directx\temprogram\03. external\library\engine\engine_debug.pdb
c:\users\user\desktop\study\학원\directx\temprogram\03. external\library\engine\engine_debug.idb
c:\users\user\desktop\study\academy\directx\temprogram\03. external\library\engine\engine_debug.pdb
c:\users\user\desktop\study\academy\directx\temprogram\03. external\library\engine\engine_debug.idb
c:\users\user\desktop\study\academy\directx\temprogram\01. project\engine\x64\debug\func2.obj
c:\users\user\desktop\study\academy\directx\temprogram\01. project\engine\x64\debug\cmeshrender.obj
c:\users\user\desktop\study\academy\directx\temprogram\01. project\engine\x64\debug\ccamera.obj
c:\users\user\desktop\study\academy\directx\temprogram\01. project\engine\x64\debug\cmesh.obj
c:\users\user\desktop\study\academy\directx\temprogram\01. project\engine\x64\debug\cmaterial.obj
c:\users\user\desktop\study\academy\directx\temprogram\01. project\engine\x64\debug\clevelmgr.obj
c:\users\user\desktop\study\academy\directx\temprogram\01. project\engine\x64\debug\clevel.obj
c:\users\user\desktop\study\academy\directx\temprogram\01. project\engine\x64\debug\clayer.obj
c:\users\user\desktop\study\academy\directx\temprogram\01. project\engine\x64\debug\ckeymgr.obj
c:\users\user\desktop\study\academy\directx\temprogram\01. project\engine\x64\debug\cgrid2dscript.obj
c:\users\user\desktop\study\academy\directx\temprogram\01. project\engine\x64\debug\cgrapicsshader.obj
c:\users\user\desktop\study\academy\directx\temprogram\01. project\engine\x64\debug\cgameobject.obj
c:\users\user\desktop\study\academy\directx\temprogram\01. project\engine\x64\debug\ceventmgr.obj
c:\users\user\desktop\study\academy\directx\temprogram\01. project\engine\x64\debug\centity.obj
c:\users\user\desktop\study\academy\directx\temprogram\01. project\engine\x64\debug\cengine.obj
c:\users\user\desktop\study\academy\directx\temprogram\01. project\engine\x64\debug\cdevice.obj
c:\users\user\desktop\study\academy\directx\temprogram\01. project\engine\x64\debug\cconstbuffer.obj
c:\users\user\desktop\study\academy\directx\temprogram\01. project\engine\x64\debug\ccomputeshader.obj
c:\users\user\desktop\study\academy\directx\temprogram\01. project\engine\x64\debug\ccomponent.obj
c:\users\user\desktop\study\academy\directx\temprogram\01. project\engine\x64\debug\ccollider2d.obj
c:\users\user\desktop\study\academy\directx\temprogram\01. project\engine\x64\debug\ccamerascript.obj
c:\users\user\desktop\study\academy\directx\temprogram\01. project\engine\x64\debug\extern.obj
c:\users\user\desktop\study\academy\directx\temprogram\01. project\engine\x64\debug\func.obj
c:\users\user\desktop\study\academy\directx\temprogram\01. project\engine\x64\debug\engine.obj
c:\users\user\desktop\study\academy\directx\temprogram\01. project\engine\x64\debug\ctransform.obj
c:\users\user\desktop\study\academy\directx\temprogram\01. project\engine\x64\debug\ctimemgr.obj
c:\users\user\desktop\study\academy\directx\temprogram\01. project\engine\x64\debug\ctexture.obj
c:\users\user\desktop\study\academy\directx\temprogram\01. project\engine\x64\debug\cshader.obj
c:\users\user\desktop\study\academy\directx\temprogram\01. project\engine\x64\debug\cscript.obj
c:\users\user\desktop\study\academy\directx\temprogram\01. project\engine\x64\debug\cresmgr_init.obj
c:\users\user\desktop\study\academy\directx\temprogram\01. project\engine\x64\debug\cresmgr.obj
c:\users\user\desktop\study\academy\directx\temprogram\01. project\engine\x64\debug\cres.obj
c:\users\user\desktop\study\academy\directx\temprogram\01. project\engine\x64\debug\crendermgr.obj
c:\users\user\desktop\study\academy\directx\temprogram\01. project\engine\x64\debug\crendercomponent.obj
c:\users\user\desktop\study\academy\directx\temprogram\01. project\engine\x64\debug\cprefab.obj
c:\users\user\desktop\study\academy\directx\temprogram\01. project\engine\x64\debug\cplayerscript.obj
c:\users\user\desktop\study\academy\directx\temprogram\01. project\engine\x64\debug\cpathmgr.obj
c:\users\user\desktop\study\academy\directx\temprogram\01. project\engine\x64\debug\cmonsterscript.obj
c:\users\user\desktop\study\academy\directx\temprogram\01. project\engine\x64\debug\cmissilescript.obj
c:\users\user\desktop\study\academy\directx\temprogram\01. project\engine\x64\debug\ccollisionmgr.obj
c:\users\user\desktop\study\academy\directx\temprogram\01. project\engine\x64\debug\canimator2d.obj
c:\users\user\desktop\study\academy\directx\temprogram\01. project\engine\x64\debug\canimation2d.obj
c:\users\user\desktop\study\academy\directx\temprogram\01. project\engine\x64\debug\cstructuredbuffer.obj
c:\users\user\desktop\study\academy\directx\temprogram\01. project\engine\x64\debug\clight2d.obj
c:\users\user\desktop\study\academy\directx\temprogram\01. project\engine\x64\debug\cpaintshader.obj
c:\users\user\desktop\study\academy\directx\temprogram\01. project\engine\x64\debug\cparticlesystem.obj
c:\users\user\desktop\study\academy\directx\temprogram\01. project\engine\x64\debug\cparticleupdateshader.obj
c:\users\user\desktop\study\academy\directx\temprogram\01. project\engine\x64\debug\engine_debug.pch
c:\users\user\desktop\study\academy\directx\temprogram\01. project\engine\x64\debug\pch.obj
c:\users\user\desktop\makeui\03. external\library\engine\engine_debug.pdb
c:\users\user\desktop\makeui\03. external\library\engine\engine_debug.idb
c:\users\user\desktop\makeui\01. project\engine\x64\debug\func2.obj
c:\users\user\desktop\makeui\01. project\engine\x64\debug\cscript.obj
c:\users\user\desktop\makeui\01. project\engine\x64\debug\cresmgr_init.obj
c:\users\user\desktop\makeui\01. project\engine\x64\debug\crendermgr.obj
c:\users\user\desktop\makeui\01. project\engine\x64\debug\cplayerscript.obj
c:\users\user\desktop\makeui\01. project\engine\x64\debug\cmonsterscript.obj
c:\users\user\desktop\makeui\01. project\engine\x64\debug\cmissilescript.obj
c:\users\user\desktop\makeui\01. project\engine\x64\debug\clight2d.obj
c:\users\user\desktop\makeui\01. project\engine\x64\debug\clevelmgr.obj
c:\users\user\desktop\makeui\01. project\engine\x64\debug\cgrid2dscript.obj
c:\users\user\desktop\makeui\01. project\engine\x64\debug\cgameobject.obj
c:\users\user\desktop\makeui\01. project\engine\x64\debug\cengine.obj
c:\users\user\desktop\makeui\01. project\engine\x64\debug\ccollider2d.obj
c:\users\user\desktop\makeui\01. project\engine\x64\debug\ccamerascript.obj
c:\users\user\desktop\makeui\01. project\engine\x64\debug\ccamera.obj
c:\users\user\desktop\makeui\01. project\engine\x64\debug\clevel.obj
c:\users\user\desktop\makeui\01. project\engine\x64\debug\clayer.obj
c:\users\user\desktop\makeui\01. project\engine\x64\debug\ckeymgr.obj
c:\users\user\desktop\makeui\01. project\engine\x64\debug\cgrapicsshader.obj
c:\users\user\desktop\makeui\01. project\engine\x64\debug\ceventmgr.obj
c:\users\user\desktop\makeui\01. project\engine\x64\debug\centity.obj
c:\users\user\desktop\makeui\01. project\engine\x64\debug\cdevice.obj
c:\users\user\desktop\makeui\01. project\engine\x64\debug\cconstbuffer.obj
c:\users\user\desktop\makeui\01. project\engine\x64\debug\ccomputeshader.obj
c:\users\user\desktop\makeui\01. project\engine\x64\debug\ccomponent.obj
c:\users\user\desktop\makeui\01. project\engine\x64\debug\ccollisionmgr.obj
c:\users\user\desktop\makeui\01. project\engine\x64\debug\canimator2d.obj
c:\users\user\desktop\makeui\01. project\engine\x64\debug\canimation2d.obj
c:\users\user\desktop\makeui\01. project\engine\x64\debug\cstructuredbuffer.obj
c:\users\user\desktop\makeui\01. project\engine\x64\debug\cshader.obj
c:\users\user\desktop\makeui\01. project\engine\x64\debug\cresmgr.obj
c:\users\user\desktop\makeui\01. project\engine\x64\debug\cres.obj
c:\users\user\desktop\makeui\01. project\engine\x64\debug\crendercomponent.obj
c:\users\user\desktop\makeui\01. project\engine\x64\debug\cprefab.obj
c:\users\user\desktop\makeui\01. project\engine\x64\debug\cpathmgr.obj
c:\users\user\desktop\makeui\01. project\engine\x64\debug\cparticleupdateshader.obj
c:\users\user\desktop\makeui\01. project\engine\x64\debug\cparticlesystem.obj
c:\users\user\desktop\makeui\01. project\engine\x64\debug\cpaintshader.obj
c:\users\user\desktop\makeui\01. project\engine\x64\debug\cmeshrender.obj
c:\users\user\desktop\makeui\01. project\engine\x64\debug\cmesh.obj
c:\users\user\desktop\makeui\01. project\engine\x64\debug\cmaterial.obj
c:\users\user\desktop\makeui\01. project\engine\x64\debug\extern.obj
c:\users\user\desktop\makeui\01. project\engine\x64\debug\func.obj
c:\users\user\desktop\makeui\01. project\engine\x64\debug\engine.obj
c:\users\user\desktop\makeui\01. project\engine\x64\debug\ctransform.obj
c:\users\user\desktop\makeui\01. project\engine\x64\debug\ctimemgr.obj
c:\users\user\desktop\makeui\01. project\engine\x64\debug\ctexture.obj
c:\users\user\desktop\makeui\01. project\engine\x64\debug\engine_debug.pch
c:\users\user\desktop\makeui\01. project\engine\x64\debug\pch.obj
c:\users\user\desktop\makeui\01. project\engine\x64\debug\ctilemap.obj
c:\users\user\desktop\study\academy\directx\temprogram\03. external\library\engine\engine_debug.lib
c:\users\user\desktop\makeui\03. external\library\engine\engine_debug.lib
c:\users\user\desktop\makeui\01. project\engine\x64\debug\test.obj
c:\users\user\desktop\makeui\01. project\engine\x64\debug\engine.tlog\cl.command.1.tlog
c:\users\user\desktop\makeui\01. project\engine\x64\debug\engine.tlog\cl.read.1.tlog
c:\users\user\desktop\makeui\01. project\engine\x64\debug\engine.tlog\cl.write.1.tlog
c:\users\user\desktop\makeui\01. project\engine\x64\debug\engine.tlog\fxc.command.1.tlog
c:\users\user\desktop\makeui\01. project\engine\x64\debug\engine.tlog\fxc.read.1.tlog
c:\users\user\desktop\makeui\01. project\engine\x64\debug\engine.tlog\lib-link.read.1.tlog
c:\users\user\desktop\makeui\01. project\engine\x64\debug\engine.tlog\lib-link.write.1.tlog
c:\users\user\desktop\makeui\01. project\engine\x64\debug\engine.tlog\lib.command.1.tlog
