c:\users\user\desktop\study\academy\directx\temprogram\01. project\temprogram\x64\debug\vc143.pdb
c:\users\user\desktop\study\academy\directx\temprogram\01. project\temprogram\x64\debug\vc143.idb
c:\users\user\desktop\study\academy\directx\temprogram\01. project\temprogram\x64\debug\main.obj
c:\users\user\desktop\study\academy\directx\temprogram\01. project\temprogram\x64\debug\ceditor.obj
c:\users\user\desktop\study\academy\directx\temprogram\01. project\temprogram\x64\debug\cgameobjectex.obj
c:\users\user\desktop\study\academy\directx\temprogram\01. project\temprogram\x64\debug\ui.obj
c:\users\user\desktop\study\academy\directx\temprogram\01. project\temprogram\x64\debug\transformui.obj
c:\users\user\desktop\study\academy\directx\temprogram\01. project\temprogram\x64\debug\inspectorui.obj
c:\users\user\desktop\study\academy\directx\temprogram\01. project\temprogram\x64\debug\cimguimgr.obj
c:\users\user\desktop\study\academy\directx\temprogram\01. project\temprogram\x64\debug\imgui_widgets.obj
c:\users\user\desktop\study\academy\directx\temprogram\01. project\temprogram\x64\debug\imgui_tables.obj
c:\users\user\desktop\study\academy\directx\temprogram\01. project\temprogram\x64\debug\imgui_impl_win32.obj
c:\users\user\desktop\study\academy\directx\temprogram\01. project\temprogram\x64\debug\imgui_impl_dx11.obj
c:\users\user\desktop\study\academy\directx\temprogram\01. project\temprogram\x64\debug\imgui_draw.obj
c:\users\user\desktop\study\academy\directx\temprogram\01. project\temprogram\x64\debug\imgui_demo.obj
c:\users\user\desktop\study\academy\directx\temprogram\01. project\temprogram\x64\debug\imgui.obj
c:\users\user\desktop\study\academy\directx\temprogram\01. project\temprogram\x64\debug\temprogram.pch
c:\users\user\desktop\study\academy\directx\temprogram\01. project\temprogram\x64\debug\pch.obj
c:\users\user\desktop\study\academy\directx\temprogram\01. project\temprogram\x64\debug\componentui.obj
c:\users\user\desktop\study\academy\directx\temprogram\01. project\temprogram\x64\debug\meshrenderui.obj
c:\users\user\desktop\study\academy\directx\temprogram\01. project\temprogram\x64\debug\listui.obj
c:\users\user\desktop\makeui\01. project\temprogram\x64\debug\vc143.pdb
c:\users\user\desktop\makeui\01. project\temprogram\x64\debug\vc143.idb
c:\users\user\desktop\makeui\01. project\temprogram\x64\debug\ui.obj
c:\users\user\desktop\makeui\01. project\temprogram\x64\debug\transformui.obj
c:\users\user\desktop\makeui\01. project\temprogram\x64\debug\meshrenderui.obj
c:\users\user\desktop\makeui\01. project\temprogram\x64\debug\main.obj
c:\users\user\desktop\makeui\01. project\temprogram\x64\debug\listui.obj
c:\users\user\desktop\makeui\01. project\temprogram\x64\debug\inspectorui.obj
c:\users\user\desktop\makeui\01. project\temprogram\x64\debug\imgui_widgets.obj
c:\users\user\desktop\makeui\01. project\temprogram\x64\debug\imgui_tables.obj
c:\users\user\desktop\makeui\01. project\temprogram\x64\debug\imgui_impl_win32.obj
c:\users\user\desktop\makeui\01. project\temprogram\x64\debug\imgui_impl_dx11.obj
c:\users\user\desktop\makeui\01. project\temprogram\x64\debug\imgui_draw.obj
c:\users\user\desktop\makeui\01. project\temprogram\x64\debug\imgui_demo.obj
c:\users\user\desktop\makeui\01. project\temprogram\x64\debug\imgui.obj
c:\users\user\desktop\makeui\01. project\temprogram\x64\debug\componentui.obj
c:\users\user\desktop\makeui\01. project\temprogram\x64\debug\collider2dui.obj
c:\users\user\desktop\makeui\01. project\temprogram\x64\debug\cimguimgr.obj
c:\users\user\desktop\makeui\01. project\temprogram\x64\debug\cgameobjectex.obj
c:\users\user\desktop\makeui\01. project\temprogram\x64\debug\ceditor.obj
c:\users\user\desktop\makeui\01. project\temprogram\x64\debug\light2dui.obj
c:\users\user\desktop\makeui\01. project\temprogram\x64\debug\cameraui.obj
c:\users\user\desktop\makeui\01. project\temprogram\x64\debug\particlesystemui.obj
c:\users\user\desktop\makeui\01. project\temprogram\x64\debug\temprogram.pch
c:\users\user\desktop\makeui\01. project\temprogram\x64\debug\pch.obj
c:\users\user\desktop\makeui\01. project\temprogram\x64\debug\tilemapui.obj
c:\users\user\desktop\makeui\01. project\temprogram\x64\debug\textureui.obj
c:\users\user\desktop\study\academy\directx\temprogram\02. output\bin_debug\temprogram.exe
c:\users\user\desktop\study\academy\directx\temprogram\01. project\temprogram\x64\debug\temprogram.ilk
c:\users\user\desktop\study\academy\directx\temprogram\02. output\bin_debug\temprogram.pdb
c:\users\user\desktop\makeui\02. output\bin_debug\temprogram.exe
c:\users\user\desktop\makeui\01. project\temprogram\x64\debug\temprogram.ilk
c:\users\user\desktop\makeui\02. output\bin_debug\temprogram.pdb
c:\users\user\desktop\study\academy\directx\temprogram\01. project\temprogram\x64\debug\temprogram.res
c:\users\user\desktop\makeui\01. project\temprogram\x64\debug\temprogram.res
c:\users\user\desktop\makeui\01. project\temprogram\x64\debug\temprogram.tlog\cl.command.1.tlog
c:\users\user\desktop\makeui\01. project\temprogram\x64\debug\temprogram.tlog\cl.read.1.tlog
c:\users\user\desktop\makeui\01. project\temprogram\x64\debug\temprogram.tlog\cl.write.1.tlog
c:\users\user\desktop\makeui\01. project\temprogram\x64\debug\temprogram.tlog\link.command.1.tlog
c:\users\user\desktop\makeui\01. project\temprogram\x64\debug\temprogram.tlog\link.read.1.tlog
c:\users\user\desktop\makeui\01. project\temprogram\x64\debug\temprogram.tlog\link.write.1.tlog
c:\users\user\desktop\makeui\01. project\temprogram\x64\debug\temprogram.tlog\rc.command.1.tlog
c:\users\user\desktop\makeui\01. project\temprogram\x64\debug\temprogram.tlog\rc.read.1.tlog
c:\users\user\desktop\makeui\01. project\temprogram\x64\debug\temprogram.tlog\rc.write.1.tlog
